INFO:summa.preprocessing.cleaner:'pattern' package not found; tag filters are not available for English
INFO:summa.preprocessing.cleaner:'pattern' package not found; tag filters are not available for English
INFO:summa.preprocessing.cleaner:'pattern' package not found; tag filters are not available for English
INFO:summa.preprocessing.cleaner:'pattern' package not found; tag filters are not available for English
INFO:summa.preprocessing.cleaner:'pattern' package not found; tag filters are not available for English
INFO:gensim.models.word2vec:collecting all words and their counts
INFO:gensim.models.word2vec:PROGRESS: at sentence #0, processed 0 words, keeping 0 word types
INFO:gensim.models.word2vec:collected 3406 word types from a corpus of 22303 raw words and 53 sentences
INFO:gensim.models.word2vec:Loading a fresh vocabulary
INFO:gensim.models.word2vec:min_count=10 retains 421 unique words (12% of original 3406, drops 2985)
INFO:gensim.models.word2vec:min_count=10 leaves 15844 word corpus (71% of original 22303, drops 6459)
INFO:gensim.models.word2vec:deleting the raw counts dictionary of 3406 items
INFO:gensim.models.word2vec:sample=0.001 downsamples 85 most-common words
INFO:gensim.models.word2vec:downsampling leaves estimated 11091 word corpus (70.0% of prior 15844)
INFO:gensim.models.word2vec:estimated required memory for 421 words and 200 dimensions: 884100 bytes
INFO:gensim.models.word2vec:resetting layer weights
INFO:gensim.models.word2vec:training model with 3 workers on 421 vocabulary and 200 features, using sg=0 hs=0 sample=0.001 negative=5 window=5
INFO:gensim.models.word2vec:worker thread finished; awaiting finish of 2 more threads
INFO:gensim.models.word2vec:worker thread finished; awaiting finish of 1 more threads
INFO:gensim.models.word2vec:worker thread finished; awaiting finish of 0 more threads
INFO:gensim.models.word2vec:training on 111515 raw words (55379 effective words) took 0.0s, 1173036 effective words/s
WARNING:gensim.models.word2vec:under 10 jobs per worker: consider setting a smaller `batch_words' for smoother alpha decay
INFO:gensim.utils:saving Word2Vec object under data/model, separately None
INFO:gensim.utils:not storing attribute syn0norm
INFO:gensim.utils:not storing attribute cum_table
INFO:gensim.utils:saved data/model
INFO:summa.preprocessing.cleaner:'pattern' package not found; tag filters are not available for English
INFO:gensim.utils:loading Word2Vec object from data/model
INFO:gensim.utils:loading wv recursively from data/model.wv.* with mmap=None
INFO:gensim.utils:setting ignored attribute syn0norm to None
INFO:gensim.utils:setting ignored attribute cum_table to None
INFO:gensim.utils:loaded data/model
INFO:summa.preprocessing.cleaner:'pattern' package not found; tag filters are not available for English
INFO:gensim.utils:loading Word2Vec object from data/model
INFO:gensim.utils:loading wv recursively from data/model.wv.* with mmap=None
INFO:gensim.utils:setting ignored attribute syn0norm to None
INFO:gensim.utils:setting ignored attribute cum_table to None
INFO:gensim.utils:loaded data/model
INFO:gensim.models.word2vec:scoring sentences with 3 workers on 421 vocabulary and 200 features, using sg=0 hs=0 sample=0.001 and negative=5
INFO:summa.preprocessing.cleaner:'pattern' package not found; tag filters are not available for English
INFO:gensim.utils:loading Word2Vec object from data/model
INFO:gensim.utils:loading wv recursively from data/model.wv.* with mmap=None
INFO:gensim.utils:setting ignored attribute syn0norm to None
INFO:gensim.utils:setting ignored attribute cum_table to None
INFO:gensim.utils:loaded data/model
INFO:summa.preprocessing.cleaner:'pattern' package not found; tag filters are not available for English
INFO:gensim.utils:loading Word2Vec object from data/model
INFO:gensim.utils:loading wv recursively from data/model.wv.* with mmap=None
INFO:gensim.utils:setting ignored attribute syn0norm to None
INFO:gensim.utils:setting ignored attribute cum_table to None
INFO:gensim.utils:loaded data/model
INFO:summa.preprocessing.cleaner:'pattern' package not found; tag filters are not available for English
INFO:gensim.utils:loading Word2Vec object from data/model
INFO:gensim.utils:loading wv recursively from data/model.wv.* with mmap=None
INFO:gensim.utils:setting ignored attribute syn0norm to None
INFO:gensim.utils:setting ignored attribute cum_table to None
INFO:gensim.utils:loaded data/model
INFO:summa.preprocessing.cleaner:'pattern' package not found; tag filters are not available for English
INFO:gensim.utils:loading Word2Vec object from data/model
INFO:gensim.utils:loading wv recursively from data/model.wv.* with mmap=None
INFO:gensim.utils:setting ignored attribute syn0norm to None
INFO:gensim.utils:setting ignored attribute cum_table to None
INFO:gensim.utils:loaded data/model
INFO:summa.preprocessing.cleaner:'pattern' package not found; tag filters are not available for English
INFO:gensim.utils:loading Word2Vec object from data/model
INFO:gensim.utils:loading wv recursively from data/model.wv.* with mmap=None
INFO:gensim.utils:setting ignored attribute syn0norm to None
INFO:gensim.utils:setting ignored attribute cum_table to None
INFO:gensim.utils:loaded data/model
